
**** Build of configuration Debug for project Lab5_UARTComms ****

"C:\\ti\\ccs1240\\ccs\\utils\\bin\\gmake" -k -j 16 all -O 
 
Building file: "C:/Users/ojing/Documents/Work/SC2107 Microcontr Sys Des and Dev/Lab/code/LAB_2107_FINAL/inc/ADC14.c"
Invoking: MSP432 Compiler
"C:/ti/ccs1240/ccs/tools/compiler/ti-cgt-arm_20.2.7.LTS/bin/armcl" -mv7M4 --code_state=16 --float_support=FPv4SPD16 -me --include_path="C:/ti/ccs1240/ccs/ccs_base/arm/include" --include_path="C:/ti/ccs1240/ccs/ccs_base/arm/include/CMSIS" --include_path="C:/Users/ojing/Documents/Work/SC2107 Microcontr Sys Des and Dev/Lab/code/LAB_2107_FINAL/Lab5_UARTComms" --include_path="C:/ti/ccs1240/ccs/tools/compiler/ti-cgt-arm_20.2.7.LTS/include" --advice:power=all --define=__MSP432P401R__ --define=ccs -g --c99 --gcc --diag_warning=225 --diag_wrap=off --display_error_number --abi=eabi --preproc_with_compile --preproc_dependency="ADC14.d_raw"  "C:/Users/ojing/Documents/Work/SC2107 Microcontr Sys Des and Dev/Lab/code/LAB_2107_FINAL/inc/ADC14.c"
"C:/Users/ojing/Documents/Work/SC2107 Microcontr Sys Des and Dev/Lab/code/LAB_2107_FINAL/inc/ADC14.c", line 56: remark #1527-D: (ULP 2.1) Detected SW delay loop using empty loop. Recommend using a timer module instead
"C:/Users/ojing/Documents/Work/SC2107 Microcontr Sys Des and Dev/Lab/code/LAB_2107_FINAL/inc/ADC14.c", line 105: remark #1527-D: (ULP 2.1) Detected SW delay loop using empty loop. Recommend using a timer module instead
"C:/Users/ojing/Documents/Work/SC2107 Microcontr Sys Des and Dev/Lab/code/LAB_2107_FINAL/inc/ADC14.c", line 107: remark #1527-D: (ULP 2.1) Detected SW delay loop using empty loop. Recommend using a timer module instead
"C:/Users/ojing/Documents/Work/SC2107 Microcontr Sys Des and Dev/Lab/code/LAB_2107_FINAL/inc/ADC14.c", line 118: remark #1527-D: (ULP 2.1) Detected SW delay loop using empty loop. Recommend using a timer module instead
"C:/Users/ojing/Documents/Work/SC2107 Microcontr Sys Des and Dev/Lab/code/LAB_2107_FINAL/inc/ADC14.c", line 190: remark #1527-D: (ULP 2.1) Detected SW delay loop using empty loop. Recommend using a timer module instead
"C:/Users/ojing/Documents/Work/SC2107 Microcontr Sys Des and Dev/Lab/code/LAB_2107_FINAL/inc/ADC14.c", line 193: remark #1527-D: (ULP 2.1) Detected SW delay loop using empty loop. Recommend using a timer module instead
Finished building: "C:/Users/ojing/Documents/Work/SC2107 Microcontr Sys Des and Dev/Lab/code/LAB_2107_FINAL/inc/ADC14.c"
 
Building file: "C:/Users/ojing/Documents/Work/SC2107 Microcontr Sys Des and Dev/Lab/code/LAB_2107_FINAL/inc/BumpInt.c"
Invoking: MSP432 Compiler
"C:/ti/ccs1240/ccs/tools/compiler/ti-cgt-arm_20.2.7.LTS/bin/armcl" -mv7M4 --code_state=16 --float_support=FPv4SPD16 -me --include_path="C:/ti/ccs1240/ccs/ccs_base/arm/include" --include_path="C:/ti/ccs1240/ccs/ccs_base/arm/include/CMSIS" --include_path="C:/Users/ojing/Documents/Work/SC2107 Microcontr Sys Des and Dev/Lab/code/LAB_2107_FINAL/Lab5_UARTComms" --include_path="C:/ti/ccs1240/ccs/tools/compiler/ti-cgt-arm_20.2.7.LTS/include" --advice:power=all --define=__MSP432P401R__ --define=ccs -g --c99 --gcc --diag_warning=225 --diag_wrap=off --display_error_number --abi=eabi --preproc_with_compile --preproc_dependency="BumpInt.d_raw"  "C:/Users/ojing/Documents/Work/SC2107 Microcontr Sys Des and Dev/Lab/code/LAB_2107_FINAL/inc/BumpInt.c"
"C:/Users/ojing/Documents/Work/SC2107 Microcontr Sys Des and Dev/Lab/code/LAB_2107_FINAL/inc/BumpInt.c", line 92: remark #2623-D: (ULP 5.4) Detected an assignment to a type with size less than int. To avoid unnecessary sign extension, use int-sized types for local varaibles and convert to smaller types for static storage.
Finished building: "C:/Users/ojing/Documents/Work/SC2107 Microcontr Sys Des and Dev/Lab/code/LAB_2107_FINAL/inc/BumpInt.c"
 
Building file: "C:/Users/ojing/Documents/Work/SC2107 Microcontr Sys Des and Dev/Lab/code/LAB_2107_FINAL/inc/Clock.c"
Invoking: MSP432 Compiler
"C:/ti/ccs1240/ccs/tools/compiler/ti-cgt-arm_20.2.7.LTS/bin/armcl" -mv7M4 --code_state=16 --float_support=FPv4SPD16 -me --include_path="C:/ti/ccs1240/ccs/ccs_base/arm/include" --include_path="C:/ti/ccs1240/ccs/ccs_base/arm/include/CMSIS" --include_path="C:/Users/ojing/Documents/Work/SC2107 Microcontr Sys Des and Dev/Lab/code/LAB_2107_FINAL/Lab5_UARTComms" --include_path="C:/ti/ccs1240/ccs/tools/compiler/ti-cgt-arm_20.2.7.LTS/include" --advice:power=all --define=__MSP432P401R__ --define=ccs -g --c99 --gcc --diag_warning=225 --diag_wrap=off --display_error_number --abi=eabi --preproc_with_compile --preproc_dependency="Clock.d_raw"  "C:/Users/ojing/Documents/Work/SC2107 Microcontr Sys Des and Dev/Lab/code/LAB_2107_FINAL/inc/Clock.c"
Finished building: "C:/Users/ojing/Documents/Work/SC2107 Microcontr Sys Des and Dev/Lab/code/LAB_2107_FINAL/inc/Clock.c"
 
Building file: "C:/Users/ojing/Documents/Work/SC2107 Microcontr Sys Des and Dev/Lab/code/LAB_2107_FINAL/inc/CortexM.c"
Invoking: MSP432 Compiler
"C:/ti/ccs1240/ccs/tools/compiler/ti-cgt-arm_20.2.7.LTS/bin/armcl" -mv7M4 --code_state=16 --float_support=FPv4SPD16 -me --include_path="C:/ti/ccs1240/ccs/ccs_base/arm/include" --include_path="C:/ti/ccs1240/ccs/ccs_base/arm/include/CMSIS" --include_path="C:/Users/ojing/Documents/Work/SC2107 Microcontr Sys Des and Dev/Lab/code/LAB_2107_FINAL/Lab5_UARTComms" --include_path="C:/ti/ccs1240/ccs/tools/compiler/ti-cgt-arm_20.2.7.LTS/include" --advice:power=all --define=__MSP432P401R__ --define=ccs -g --c99 --gcc --diag_warning=225 --diag_wrap=off --display_error_number --abi=eabi --preproc_with_compile --preproc_dependency="CortexM.d_raw"  "C:/Users/ojing/Documents/Work/SC2107 Microcontr Sys Des and Dev/Lab/code/LAB_2107_FINAL/inc/CortexM.c"
Finished building: "C:/Users/ojing/Documents/Work/SC2107 Microcontr Sys Des and Dev/Lab/code/LAB_2107_FINAL/inc/CortexM.c"
 
Building file: "C:/Users/ojing/Documents/Work/SC2107 Microcontr Sys Des and Dev/Lab/code/LAB_2107_FINAL/inc/FIFO0.c"
Invoking: MSP432 Compiler
"C:/ti/ccs1240/ccs/tools/compiler/ti-cgt-arm_20.2.7.LTS/bin/armcl" -mv7M4 --code_state=16 --float_support=FPv4SPD16 -me --include_path="C:/ti/ccs1240/ccs/ccs_base/arm/include" --include_path="C:/ti/ccs1240/ccs/ccs_base/arm/include/CMSIS" --include_path="C:/Users/ojing/Documents/Work/SC2107 Microcontr Sys Des and Dev/Lab/code/LAB_2107_FINAL/Lab5_UARTComms" --include_path="C:/ti/ccs1240/ccs/tools/compiler/ti-cgt-arm_20.2.7.LTS/include" --advice:power=all --define=__MSP432P401R__ --define=ccs -g --c99 --gcc --diag_warning=225 --diag_wrap=off --display_error_number --abi=eabi --preproc_with_compile --preproc_dependency="FIFO0.d_raw"  "C:/Users/ojing/Documents/Work/SC2107 Microcontr Sys Des and Dev/Lab/code/LAB_2107_FINAL/inc/FIFO0.c"
"C:/Users/ojing/Documents/Work/SC2107 Microcontr Sys Des and Dev/Lab/code/LAB_2107_FINAL/inc/FIFO0.c", line 141: warning #188-D: pointless comparison of unsigned integer with zero
"C:/Users/ojing/Documents/Work/SC2107 Microcontr Sys Des and Dev/Lab/code/LAB_2107_FINAL/inc/FIFO0.c", line 138: remark #2623-D: (ULP 5.4) Detected an assignment to a type with size less than int. To avoid unnecessary sign extension, use int-sized types for local varaibles and convert to smaller types for static storage.
"C:/Users/ojing/Documents/Work/SC2107 Microcontr Sys Des and Dev/Lab/code/LAB_2107_FINAL/inc/FIFO0.c", line 139: remark #2623-D: (ULP 5.4) Detected an assignment to a type with size less than int. To avoid unnecessary sign extension, use int-sized types for local varaibles and convert to smaller types for static storage.
"C:/Users/ojing/Documents/Work/SC2107 Microcontr Sys Des and Dev/Lab/code/LAB_2107_FINAL/inc/FIFO0.c", line 208: remark #2623-D: (ULP 5.4) Detected an assignment to a type with size less than int. To avoid unnecessary sign extension, use int-sized types for local varaibles and convert to smaller types for static storage.
"C:/Users/ojing/Documents/Work/SC2107 Microcontr Sys Des and Dev/Lab/code/LAB_2107_FINAL/inc/FIFO0.c", line 209: remark #2623-D: (ULP 5.4) Detected an assignment to a type with size less than int. To avoid unnecessary sign extension, use int-sized types for local varaibles and convert to smaller types for static storage.
Finished building: "C:/Users/ojing/Documents/Work/SC2107 Microcontr Sys Des and Dev/Lab/code/LAB_2107_FINAL/inc/FIFO0.c"
 
Building file: "C:/Users/ojing/Documents/Work/SC2107 Microcontr Sys Des and Dev/Lab/code/LAB_2107_FINAL/inc/EUSCIA0.c"
Invoking: MSP432 Compiler
"C:/ti/ccs1240/ccs/tools/compiler/ti-cgt-arm_20.2.7.LTS/bin/armcl" -mv7M4 --code_state=16 --float_support=FPv4SPD16 -me --include_path="C:/ti/ccs1240/ccs/ccs_base/arm/include" --include_path="C:/ti/ccs1240/ccs/ccs_base/arm/include/CMSIS" --include_path="C:/Users/ojing/Documents/Work/SC2107 Microcontr Sys Des and Dev/Lab/code/LAB_2107_FINAL/Lab5_UARTComms" --include_path="C:/ti/ccs1240/ccs/tools/compiler/ti-cgt-arm_20.2.7.LTS/include" --advice:power=all --define=__MSP432P401R__ --define=ccs -g --c99 --gcc --diag_warning=225 --diag_wrap=off --display_error_number --abi=eabi --preproc_with_compile --preproc_dependency="EUSCIA0.d_raw"  "C:/Users/ojing/Documents/Work/SC2107 Microcontr Sys Des and Dev/Lab/code/LAB_2107_FINAL/inc/EUSCIA0.c"
"C:/Users/ojing/Documents/Work/SC2107 Microcontr Sys Des and Dev/Lab/code/LAB_2107_FINAL/inc/EUSCIA0.c", line 102: remark #1527-D: (ULP 2.1) Detected SW delay loop using empty loop. Recommend using a timer module instead
"C:/Users/ojing/Documents/Work/SC2107 Microcontr Sys Des and Dev/Lab/code/LAB_2107_FINAL/inc/EUSCIA0.c", line 102: remark #2623-D: (ULP 5.4) Detected an assignment to a type with size less than int. To avoid unnecessary sign extension, use int-sized types for local varaibles and convert to smaller types for static storage.
"C:/Users/ojing/Documents/Work/SC2107 Microcontr Sys Des and Dev/Lab/code/LAB_2107_FINAL/inc/EUSCIA0.c", line 112: remark #1527-D: (ULP 2.1) Detected SW delay loop using empty loop. Recommend using a timer module instead
"C:/Users/ojing/Documents/Work/SC2107 Microcontr Sys Des and Dev/Lab/code/LAB_2107_FINAL/inc/EUSCIA0.c", line 122: remark #2623-D: (ULP 5.4) Detected an assignment to a type with size less than int. To avoid unnecessary sign extension, use int-sized types for local varaibles and convert to smaller types for static storage.
Finished building: "C:/Users/ojing/Documents/Work/SC2107 Microcontr Sys Des and Dev/Lab/code/LAB_2107_FINAL/inc/EUSCIA0.c"
 
Building file: "C:/Users/ojing/Documents/Work/SC2107 Microcontr Sys Des and Dev/Lab/code/LAB_2107_FINAL/inc/IRDistance.c"
Invoking: MSP432 Compiler
"C:/ti/ccs1240/ccs/tools/compiler/ti-cgt-arm_20.2.7.LTS/bin/armcl" -mv7M4 --code_state=16 --float_support=FPv4SPD16 -me --include_path="C:/ti/ccs1240/ccs/ccs_base/arm/include" --include_path="C:/ti/ccs1240/ccs/ccs_base/arm/include/CMSIS" --include_path="C:/Users/ojing/Documents/Work/SC2107 Microcontr Sys Des and Dev/Lab/code/LAB_2107_FINAL/Lab5_UARTComms" --include_path="C:/ti/ccs1240/ccs/tools/compiler/ti-cgt-arm_20.2.7.LTS/include" --advice:power=all --define=__MSP432P401R__ --define=ccs -g --c99 --gcc --diag_warning=225 --diag_wrap=off --display_error_number --abi=eabi --preproc_with_compile --preproc_dependency="IRDistance.d_raw"  "C:/Users/ojing/Documents/Work/SC2107 Microcontr Sys Des and Dev/Lab/code/LAB_2107_FINAL/inc/IRDistance.c"
Finished building: "C:/Users/ojing/Documents/Work/SC2107 Microcontr Sys Des and Dev/Lab/code/LAB_2107_FINAL/inc/IRDistance.c"
 
Building file: "C:/Users/ojing/Documents/Work/SC2107 Microcontr Sys Des and Dev/Lab/code/LAB_2107_FINAL/inc/LPF.c"
Invoking: MSP432 Compiler
"C:/ti/ccs1240/ccs/tools/compiler/ti-cgt-arm_20.2.7.LTS/bin/armcl" -mv7M4 --code_state=16 --float_support=FPv4SPD16 -me --include_path="C:/ti/ccs1240/ccs/ccs_base/arm/include" --include_path="C:/ti/ccs1240/ccs/ccs_base/arm/include/CMSIS" --include_path="C:/Users/ojing/Documents/Work/SC2107 Microcontr Sys Des and Dev/Lab/code/LAB_2107_FINAL/Lab5_UARTComms" --include_path="C:/ti/ccs1240/ccs/tools/compiler/ti-cgt-arm_20.2.7.LTS/include" --advice:power=all --define=__MSP432P401R__ --define=ccs -g --c99 --gcc --diag_warning=225 --diag_wrap=off --display_error_number --abi=eabi --preproc_with_compile --preproc_dependency="LPF.d_raw"  "C:/Users/ojing/Documents/Work/SC2107 Microcontr Sys Des and Dev/Lab/code/LAB_2107_FINAL/inc/LPF.c"
Finished building: "C:/Users/ojing/Documents/Work/SC2107 Microcontr Sys Des and Dev/Lab/code/LAB_2107_FINAL/inc/LPF.c"
 
Building file: "../Lab5_UARTmain.c"
Invoking: MSP432 Compiler
"C:/ti/ccs1240/ccs/tools/compiler/ti-cgt-arm_20.2.7.LTS/bin/armcl" -mv7M4 --code_state=16 --float_support=FPv4SPD16 -me --include_path="C:/ti/ccs1240/ccs/ccs_base/arm/include" --include_path="C:/ti/ccs1240/ccs/ccs_base/arm/include/CMSIS" --include_path="C:/Users/ojing/Documents/Work/SC2107 Microcontr Sys Des and Dev/Lab/code/LAB_2107_FINAL/Lab5_UARTComms" --include_path="C:/ti/ccs1240/ccs/tools/compiler/ti-cgt-arm_20.2.7.LTS/include" --advice:power=all --define=__MSP432P401R__ --define=ccs -g --c99 --gcc --diag_warning=225 --diag_wrap=off --display_error_number --abi=eabi --preproc_with_compile --preproc_dependency="Lab5_UARTmain.d_raw"  "../Lab5_UARTmain.c"
"../Lab5_UARTmain.c", line 98: remark #2623-D: (ULP 5.4) Detected an assignment to a type with size less than int. To avoid unnecessary sign extension, use int-sized types for local varaibles and convert to smaller types for static storage.
"../Lab5_UARTmain.c", line 431: warning #225-D: function "sprintf" declared implicitly
"../Lab5_UARTmain.c", line 421: remark #1527-D: (ULP 2.1) Detected SW delay loop using empty loop. Recommend using a timer module instead
"../Lab5_UARTmain.c", line 431: remark #1532-D: (ULP 5.3) Detected sprintf() operation(s). Recommend moving them to RAM during run time or not using as these are processing/power intensive
"../Lab5_UARTmain.c", line 443: warning #225-D: function "Bump_Read" declared implicitly
"../Lab5_UARTmain.c", line 451: warning #225-D: function "snprintf" declared implicitly
"../Lab5_UARTmain.c", line 451: remark #1532-D: (ULP 5.3) Detected snprintf() operation(s). Recommend moving them to RAM during run time or not using as these are processing/power intensive
"../Lab5_UARTmain.c", line 445: remark #2623-D: (ULP 5.4) Detected an assignment to a type with size less than int. To avoid unnecessary sign extension, use int-sized types for local varaibles and convert to smaller types for static storage.
"../Lab5_UARTmain.c", line 457: remark #2623-D: (ULP 5.4) Detected an assignment to a type with size less than int. To avoid unnecessary sign extension, use int-sized types for local varaibles and convert to smaller types for static storage.
"../Lab5_UARTmain.c", line 445: remark #2623-D: (ULP 5.4) Detected an assignment to a type with size less than int. To avoid unnecessary sign extension, use int-sized types for local varaibles and convert to smaller types for static storage.
"../Lab5_UARTmain.c", line 445: remark #2623-D: (ULP 5.4) Detected an assignment to a type with size less than int. To avoid unnecessary sign extension, use int-sized types for local varaibles and convert to smaller types for static storage.
"../Lab5_UARTmain.c", line 445: remark #2623-D: (ULP 5.4) Detected an assignment to a type with size less than int. To avoid unnecessary sign extension, use int-sized types for local varaibles and convert to smaller types for static storage.
"../Lab5_UARTmain.c", line 457: remark #2623-D: (ULP 5.4) Detected an assignment to a type with size less than int. To avoid unnecessary sign extension, use int-sized types for local varaibles and convert to smaller types for static storage.
"../Lab5_UARTmain.c", line 479: warning #225-D: function "sprintf" declared implicitly
"../Lab5_UARTmain.c", line 479: remark #1532-D: (ULP 5.3) Detected sprintf() operation(s). Recommend moving them to RAM during run time or not using as these are processing/power intensive
"../Lab5_UARTmain.c", line 505: warning #225-D: function "sprintf" declared implicitly
"../Lab5_UARTmain.c", line 505: remark #1532-D: (ULP 5.3) Detected sprintf() operation(s). Recommend moving them to RAM during run time or not using as these are processing/power intensive
"../Lab5_UARTmain.c", line 525: warning #225-D: function "Bump_Read" declared implicitly
"../Lab5_UARTmain.c", line 153: remark #1534-D: (ULP 7.1) Detected use of global variable "bumpIntData" within one function "BumpDetected". Recommend placing variable in the function locally
"../Lab5_UARTmain.c", line 502 (col. 23): remark #1531-D: (ULP 5.2) Detected floating point operation(s). Recommend moving them to RAM during run time or not using as these are processing/power intensive
"../Lab5_UARTmain.c", line 503 (col. 24): remark #1531-D: (ULP 5.2) Detected floating point operation(s). Recommend moving them to RAM during run time or not using as these are processing/power intensive
Finished building: "../Lab5_UARTmain.c"
 
Building file: "C:/Users/ojing/Documents/Work/SC2107 Microcontr Sys Des and Dev/Lab/code/LAB_2107_FINAL/inc/LaunchPad.c"
Invoking: MSP432 Compiler
"C:/ti/ccs1240/ccs/tools/compiler/ti-cgt-arm_20.2.7.LTS/bin/armcl" -mv7M4 --code_state=16 --float_support=FPv4SPD16 -me --include_path="C:/ti/ccs1240/ccs/ccs_base/arm/include" --include_path="C:/ti/ccs1240/ccs/ccs_base/arm/include/CMSIS" --include_path="C:/Users/ojing/Documents/Work/SC2107 Microcontr Sys Des and Dev/Lab/code/LAB_2107_FINAL/Lab5_UARTComms" --include_path="C:/ti/ccs1240/ccs/tools/compiler/ti-cgt-arm_20.2.7.LTS/include" --advice:power=all --define=__MSP432P401R__ --define=ccs -g --c99 --gcc --diag_warning=225 --diag_wrap=off --display_error_number --abi=eabi --preproc_with_compile --preproc_dependency="LaunchPad.d_raw"  "C:/Users/ojing/Documents/Work/SC2107 Microcontr Sys Des and Dev/Lab/code/LAB_2107_FINAL/inc/LaunchPad.c"
Finished building: "C:/Users/ojing/Documents/Work/SC2107 Microcontr Sys Des and Dev/Lab/code/LAB_2107_FINAL/inc/LaunchPad.c"
 
Building file: "C:/Users/ojing/Documents/Work/SC2107 Microcontr Sys Des and Dev/Lab/code/LAB_2107_FINAL/inc/Motor.c"
Invoking: MSP432 Compiler
"C:/ti/ccs1240/ccs/tools/compiler/ti-cgt-arm_20.2.7.LTS/bin/armcl" -mv7M4 --code_state=16 --float_support=FPv4SPD16 -me --include_path="C:/ti/ccs1240/ccs/ccs_base/arm/include" --include_path="C:/ti/ccs1240/ccs/ccs_base/arm/include/CMSIS" --include_path="C:/Users/ojing/Documents/Work/SC2107 Microcontr Sys Des and Dev/Lab/code/LAB_2107_FINAL/Lab5_UARTComms" --include_path="C:/ti/ccs1240/ccs/tools/compiler/ti-cgt-arm_20.2.7.LTS/include" --advice:power=all --define=__MSP432P401R__ --define=ccs -g --c99 --gcc --diag_warning=225 --diag_wrap=off --display_error_number --abi=eabi --preproc_with_compile --preproc_dependency="Motor.d_raw"  "C:/Users/ojing/Documents/Work/SC2107 Microcontr Sys Des and Dev/Lab/code/LAB_2107_FINAL/inc/Motor.c"
Finished building: "C:/Users/ojing/Documents/Work/SC2107 Microcontr Sys Des and Dev/Lab/code/LAB_2107_FINAL/inc/Motor.c"
 
Building file: "C:/Users/ojing/Documents/Work/SC2107 Microcontr Sys Des and Dev/Lab/code/LAB_2107_FINAL/inc/PWM.c"
Invoking: MSP432 Compiler
"C:/ti/ccs1240/ccs/tools/compiler/ti-cgt-arm_20.2.7.LTS/bin/armcl" -mv7M4 --code_state=16 --float_support=FPv4SPD16 -me --include_path="C:/ti/ccs1240/ccs/ccs_base/arm/include" --include_path="C:/ti/ccs1240/ccs/ccs_base/arm/include/CMSIS" --include_path="C:/Users/ojing/Documents/Work/SC2107 Microcontr Sys Des and Dev/Lab/code/LAB_2107_FINAL/Lab5_UARTComms" --include_path="C:/ti/ccs1240/ccs/tools/compiler/ti-cgt-arm_20.2.7.LTS/include" --advice:power=all --define=__MSP432P401R__ --define=ccs -g --c99 --gcc --diag_warning=225 --diag_wrap=off --display_error_number --abi=eabi --preproc_with_compile --preproc_dependency="PWM.d_raw"  "C:/Users/ojing/Documents/Work/SC2107 Microcontr Sys Des and Dev/Lab/code/LAB_2107_FINAL/inc/PWM.c"
Finished building: "C:/Users/ojing/Documents/Work/SC2107 Microcontr Sys Des and Dev/Lab/code/LAB_2107_FINAL/inc/PWM.c"
 
Building file: "C:/Users/ojing/Documents/Work/SC2107 Microcontr Sys Des and Dev/Lab/code/LAB_2107_FINAL/inc/Reflectance.c"
Invoking: MSP432 Compiler
"C:/ti/ccs1240/ccs/tools/compiler/ti-cgt-arm_20.2.7.LTS/bin/armcl" -mv7M4 --code_state=16 --float_support=FPv4SPD16 -me --include_path="C:/ti/ccs1240/ccs/ccs_base/arm/include" --include_path="C:/ti/ccs1240/ccs/ccs_base/arm/include/CMSIS" --include_path="C:/Users/ojing/Documents/Work/SC2107 Microcontr Sys Des and Dev/Lab/code/LAB_2107_FINAL/Lab5_UARTComms" --include_path="C:/ti/ccs1240/ccs/tools/compiler/ti-cgt-arm_20.2.7.LTS/include" --advice:power=all --define=__MSP432P401R__ --define=ccs -g --c99 --gcc --diag_warning=225 --diag_wrap=off --display_error_number --abi=eabi --preproc_with_compile --preproc_dependency="Reflectance.d_raw"  "C:/Users/ojing/Documents/Work/SC2107 Microcontr Sys Des and Dev/Lab/code/LAB_2107_FINAL/inc/Reflectance.c"
"C:/Users/ojing/Documents/Work/SC2107 Microcontr Sys Des and Dev/Lab/code/LAB_2107_FINAL/inc/Reflectance.c", line 230: remark #2623-D: (ULP 5.4) Detected an assignment to a type with size less than int. To avoid unnecessary sign extension, use int-sized types for local varaibles and convert to smaller types for static storage.
"C:/Users/ojing/Documents/Work/SC2107 Microcontr Sys Des and Dev/Lab/code/LAB_2107_FINAL/inc/Reflectance.c", line 240: warning #179-D: variable "denom" was declared but never referenced
Finished building: "C:/Users/ojing/Documents/Work/SC2107 Microcontr Sys Des and Dev/Lab/code/LAB_2107_FINAL/inc/Reflectance.c"
 
Building file: "C:/Users/ojing/Documents/Work/SC2107 Microcontr Sys Des and Dev/Lab/code/LAB_2107_FINAL/inc/SysTickInts.c"
Invoking: MSP432 Compiler
"C:/ti/ccs1240/ccs/tools/compiler/ti-cgt-arm_20.2.7.LTS/bin/armcl" -mv7M4 --code_state=16 --float_support=FPv4SPD16 -me --include_path="C:/ti/ccs1240/ccs/ccs_base/arm/include" --include_path="C:/ti/ccs1240/ccs/ccs_base/arm/include/CMSIS" --include_path="C:/Users/ojing/Documents/Work/SC2107 Microcontr Sys Des and Dev/Lab/code/LAB_2107_FINAL/Lab5_UARTComms" --include_path="C:/ti/ccs1240/ccs/tools/compiler/ti-cgt-arm_20.2.7.LTS/include" --advice:power=all --define=__MSP432P401R__ --define=ccs -g --c99 --gcc --diag_warning=225 --diag_wrap=off --display_error_number --abi=eabi --preproc_with_compile --preproc_dependency="SysTickInts.d_raw"  "C:/Users/ojing/Documents/Work/SC2107 Microcontr Sys Des and Dev/Lab/code/LAB_2107_FINAL/inc/SysTickInts.c"
Finished building: "C:/Users/ojing/Documents/Work/SC2107 Microcontr Sys Des and Dev/Lab/code/LAB_2107_FINAL/inc/SysTickInts.c"
 
Building file: "C:/Users/ojing/Documents/Work/SC2107 Microcontr Sys Des and Dev/Lab/code/LAB_2107_FINAL/inc/TA3InputCapture.c"
Invoking: MSP432 Compiler
"C:/ti/ccs1240/ccs/tools/compiler/ti-cgt-arm_20.2.7.LTS/bin/armcl" -mv7M4 --code_state=16 --float_support=FPv4SPD16 -me --include_path="C:/ti/ccs1240/ccs/ccs_base/arm/include" --include_path="C:/ti/ccs1240/ccs/ccs_base/arm/include/CMSIS" --include_path="C:/Users/ojing/Documents/Work/SC2107 Microcontr Sys Des and Dev/Lab/code/LAB_2107_FINAL/Lab5_UARTComms" --include_path="C:/ti/ccs1240/ccs/tools/compiler/ti-cgt-arm_20.2.7.LTS/include" --advice:power=all --define=__MSP432P401R__ --define=ccs -g --c99 --gcc --diag_warning=225 --diag_wrap=off --display_error_number --abi=eabi --preproc_with_compile --preproc_dependency="TA3InputCapture.d_raw"  "C:/Users/ojing/Documents/Work/SC2107 Microcontr Sys Des and Dev/Lab/code/LAB_2107_FINAL/inc/TA3InputCapture.c"
Finished building: "C:/Users/ojing/Documents/Work/SC2107 Microcontr Sys Des and Dev/Lab/code/LAB_2107_FINAL/inc/TA3InputCapture.c"
 
Building file: "C:/Users/ojing/Documents/Work/SC2107 Microcontr Sys Des and Dev/Lab/code/LAB_2107_FINAL/inc/TimerA1.c"
Invoking: MSP432 Compiler
"C:/ti/ccs1240/ccs/tools/compiler/ti-cgt-arm_20.2.7.LTS/bin/armcl" -mv7M4 --code_state=16 --float_support=FPv4SPD16 -me --include_path="C:/ti/ccs1240/ccs/ccs_base/arm/include" --include_path="C:/ti/ccs1240/ccs/ccs_base/arm/include/CMSIS" --include_path="C:/Users/ojing/Documents/Work/SC2107 Microcontr Sys Des and Dev/Lab/code/LAB_2107_FINAL/Lab5_UARTComms" --include_path="C:/ti/ccs1240/ccs/tools/compiler/ti-cgt-arm_20.2.7.LTS/include" --advice:power=all --define=__MSP432P401R__ --define=ccs -g --c99 --gcc --diag_warning=225 --diag_wrap=off --display_error_number --abi=eabi --preproc_with_compile --preproc_dependency="TimerA1.d_raw"  "C:/Users/ojing/Documents/Work/SC2107 Microcontr Sys Des and Dev/Lab/code/LAB_2107_FINAL/inc/TimerA1.c"
Finished building: "C:/Users/ojing/Documents/Work/SC2107 Microcontr Sys Des and Dev/Lab/code/LAB_2107_FINAL/inc/TimerA1.c"
 
Building file: "../startup_msp432p401r_ccs.c"
Invoking: MSP432 Compiler
"C:/ti/ccs1240/ccs/tools/compiler/ti-cgt-arm_20.2.7.LTS/bin/armcl" -mv7M4 --code_state=16 --float_support=FPv4SPD16 -me --include_path="C:/ti/ccs1240/ccs/ccs_base/arm/include" --include_path="C:/ti/ccs1240/ccs/ccs_base/arm/include/CMSIS" --include_path="C:/Users/ojing/Documents/Work/SC2107 Microcontr Sys Des and Dev/Lab/code/LAB_2107_FINAL/Lab5_UARTComms" --include_path="C:/ti/ccs1240/ccs/tools/compiler/ti-cgt-arm_20.2.7.LTS/include" --advice:power=all --define=__MSP432P401R__ --define=ccs -g --c99 --gcc --diag_warning=225 --diag_wrap=off --display_error_number --abi=eabi --preproc_with_compile --preproc_dependency="startup_msp432p401r_ccs.d_raw"  "../startup_msp432p401r_ccs.c"
Finished building: "../startup_msp432p401r_ccs.c"
 
Building file: "C:/Users/ojing/Documents/Work/SC2107 Microcontr Sys Des and Dev/Lab/code/LAB_2107_FINAL/inc/UART0.c"
Invoking: MSP432 Compiler
"C:/ti/ccs1240/ccs/tools/compiler/ti-cgt-arm_20.2.7.LTS/bin/armcl" -mv7M4 --code_state=16 --float_support=FPv4SPD16 -me --include_path="C:/ti/ccs1240/ccs/ccs_base/arm/include" --include_path="C:/ti/ccs1240/ccs/ccs_base/arm/include/CMSIS" --include_path="C:/Users/ojing/Documents/Work/SC2107 Microcontr Sys Des and Dev/Lab/code/LAB_2107_FINAL/Lab5_UARTComms" --include_path="C:/ti/ccs1240/ccs/tools/compiler/ti-cgt-arm_20.2.7.LTS/include" --advice:power=all --define=__MSP432P401R__ --define=ccs -g --c99 --gcc --diag_warning=225 --diag_wrap=off --display_error_number --abi=eabi --preproc_with_compile --preproc_dependency="UART0.d_raw"  "C:/Users/ojing/Documents/Work/SC2107 Microcontr Sys Des and Dev/Lab/code/LAB_2107_FINAL/inc/UART0.c"
"C:/Users/ojing/Documents/Work/SC2107 Microcontr Sys Des and Dev/Lab/code/LAB_2107_FINAL/inc/UART0.c", line 91: remark #1527-D: (ULP 2.1) Detected SW delay loop using empty loop. Recommend using a timer module instead
"C:/Users/ojing/Documents/Work/SC2107 Microcontr Sys Des and Dev/Lab/code/LAB_2107_FINAL/inc/UART0.c", line 100: remark #1527-D: (ULP 2.1) Detected SW delay loop using empty loop. Recommend using a timer module instead
Finished building: "C:/Users/ojing/Documents/Work/SC2107 Microcontr Sys Des and Dev/Lab/code/LAB_2107_FINAL/inc/UART0.c"
 
Building file: "../system_msp432p401r.c"
Invoking: MSP432 Compiler
"C:/ti/ccs1240/ccs/tools/compiler/ti-cgt-arm_20.2.7.LTS/bin/armcl" -mv7M4 --code_state=16 --float_support=FPv4SPD16 -me --include_path="C:/ti/ccs1240/ccs/ccs_base/arm/include" --include_path="C:/ti/ccs1240/ccs/ccs_base/arm/include/CMSIS" --include_path="C:/Users/ojing/Documents/Work/SC2107 Microcontr Sys Des and Dev/Lab/code/LAB_2107_FINAL/Lab5_UARTComms" --include_path="C:/ti/ccs1240/ccs/tools/compiler/ti-cgt-arm_20.2.7.LTS/include" --advice:power=all --define=__MSP432P401R__ --define=ccs -g --c99 --gcc --diag_warning=225 --diag_wrap=off --display_error_number --abi=eabi --preproc_with_compile --preproc_dependency="system_msp432p401r.d_raw"  "../system_msp432p401r.c"
"../system_msp432p401r.c", line 112: remark #2623-D: (ULP 5.4) Detected an assignment to a type with size less than int. To avoid unnecessary sign extension, use int-sized types for local varaibles and convert to smaller types for static storage.
"../system_msp432p401r.c", line 160: remark #2623-D: (ULP 5.4) Detected an assignment to a type with size less than int. To avoid unnecessary sign extension, use int-sized types for local varaibles and convert to smaller types for static storage.
"../system_msp432p401r.c", line 193: remark #2623-D: (ULP 5.4) Detected an assignment to a type with size less than int. To avoid unnecessary sign extension, use int-sized types for local varaibles and convert to smaller types for static storage.
Finished building: "../system_msp432p401r.c"
 
Building target: "Lab5_UARTComms.out"
Invoking: MSP432 Linker
"C:/ti/ccs1240/ccs/tools/compiler/ti-cgt-arm_20.2.7.LTS/bin/armcl" -mv7M4 --code_state=16 --float_support=FPv4SPD16 -me --advice:power=all --define=__MSP432P401R__ --define=ccs -g --c99 --gcc --diag_warning=225 --diag_wrap=off --display_error_number --abi=eabi -z -m"Lab5_UARTComms.map" --heap_size=1024 --stack_size=512 -i"C:/ti/ccs1240/ccs/ccs_base/arm/include" -i"C:/ti/ccs1240/ccs/tools/compiler/ti-cgt-arm_20.2.7.LTS/lib" -i"C:/ti/ccs1240/ccs/tools/compiler/ti-cgt-arm_20.2.7.LTS/include" --reread_libs --diag_wrap=off --display_error_number --warn_sections --xml_link_info="Lab5_UARTComms_linkInfo.xml" --rom_model -o "Lab5_UARTComms.out" "./ADC14.obj" "./BumpInt.obj" "./Clock.obj" "./CortexM.obj" "./EUSCIA0.obj" "./FIFO0.obj" "./IRDistance.obj" "./LPF.obj" "./Lab5_UARTmain.obj" "./LaunchPad.obj" "./Motor.obj" "./PWM.obj" "./Reflectance.obj" "./SysTickInts.obj" "./TA3InputCapture.obj" "./TimerA1.obj" "./UART0.obj" "./startup_msp432p401r_ccs.obj" "./system_msp432p401r.obj" "../msp432p401r.cmd"  -llibc.a 
<Linking>
remark #10371-D: (ULP 1.1) Detected no uses of low power mode state changing instructions
remark #10372-D: (ULP 4.1) Detected uninitialized Port 1 in this project. Recommend initializing all unused ports to eliminate wasted current consumption on unused pins.
remark #10372-D: (ULP 4.1) Detected uninitialized Port 2 in this project. Recommend initializing all unused ports to eliminate wasted current consumption on unused pins.
remark #10372-D: (ULP 4.1) Detected uninitialized Port 3 in this project. Recommend initializing all unused ports to eliminate wasted current consumption on unused pins.
remark #10372-D: (ULP 4.1) Detected uninitialized Port 4 in this project. Recommend initializing all unused ports to eliminate wasted current consumption on unused pins.
remark #10372-D: (ULP 4.1) Detected uninitialized Port 5 in this project. Recommend initializing all unused ports to eliminate wasted current consumption on unused pins.
remark #10372-D: (ULP 4.1) Detected uninitialized Port 6 in this project. Recommend initializing all unused ports to eliminate wasted current consumption on unused pins.
remark #10372-D: (ULP 4.1) Detected uninitialized Port 7 in this project. Recommend initializing all unused ports to eliminate wasted current consumption on unused pins.
remark #10372-D: (ULP 4.1) Detected uninitialized Port 8 in this project. Recommend initializing all unused ports to eliminate wasted current consumption on unused pins.
remark #10372-D: (ULP 4.1) Detected uninitialized Port 9 in this project. Recommend initializing all unused ports to eliminate wasted current consumption on unused pins.
remark #10372-D: (ULP 4.1) Detected uninitialized Port 10 in this project. Recommend initializing all unused ports to eliminate wasted current consumption on unused pins.
Finished building target: "Lab5_UARTComms.out"
 

**** Build Finished ****
